{
  "RSpec": {
    "coverage": {
      "/rails/app/controllers/reports_controller.rb": {
        "lines": [
          1,
          1,
          3,
          null,
          3,
          null,
          null,
          1,
          4,
          null,
          2,
          null,
          2,
          null,
          null
        ]
      },
      "/rails/app/controllers/application_controller.rb": {
        "lines": [
          1,
          null
        ]
      },
      "/rails/app/jobs/application_job.rb": {
        "lines": [
          1,
          null,
          null,
          null,
          null,
          null,
          null
        ]
      },
      "/rails/app/models/report.rb": {
        "lines": [
          1,
          1,
          null,
          null,
          null,
          null,
          null,
          null
        ]
      },
      "/rails/app/models/application_record.rb": {
        "lines": [
          1,
          1,
          null
        ]
      },
      "/rails/app/services/report_analyzer/ai_client.rb": {
        "lines": [
          1,
          1,
          1,
          null,
          1,
          1,
          1,
          null,
          1,
          4,
          null,
          4,
          null,
          4,
          null,
          null,
          null,
          null,
          null,
          4,
          null,
          4,
          null,
          4,
          null,
          null,
          1,
          11,
          null,
          null,
          null,
          5,
          null,
          null,
          null,
          null,
          null,
          null,
          null,
          null,
          null,
          null,
          5,
          null,
          null,
          null,
          null,
          null,
          null,
          null,
          null,
          null,
          null,
          null,
          null,
          null,
          null,
          null,
          1,
          null,
          null,
          null,
          1,
          10,
          null,
          null,
          null,
          null,
          null,
          null,
          1,
          8,
          null,
          8,
          null,
          6,
          null,
          6,
          null,
          null,
          null
        ]
      },
      "/rails/app/services/report_analyzer/file_processor.rb": {
        "lines": [
          1,
          1,
          null,
          1,
          1,
          1,
          null,
          1,
          8,
          null,
          6,
          6,
          null,
          null,
          1,
          8,
          null,
          8,
          null,
          null,
          3,
          null,
          null,
          null,
          null,
          4,
          null,
          null,
          null,
          1,
          null,
          null,
          null,
          1,
          3,
          3,
          null,
          null,
          null
        ]
      },
      "/rails/app/services/report_analyzer/orchestrator.rb": {
        "lines": [
          1,
          1,
          1,
          11,
          null,
          9,
          null,
          9,
          null,
          9,
          null,
          null,
          null,
          null,
          8,
          null,
          7,
          null,
          null,
          null
        ]
      },
      "/rails/app/services/report_analyzer/output_validator.rb": {
        "lines": [
          1,
          1,
          null,
          1,
          null,
          null,
          null,
          null,
          null,
          null,
          null,
          1,
          6,
          null,
          4,
          4,
          null,
          2,
          null,
          2,
          null,
          null,
          null
        ]
      },
      "/rails/app/services/report_analyzer/prompt_builder.rb": {
        "lines": [
          1,
          1,
          1,
          14,
          null,
          null,
          null,
          null,
          null,
          null,
          null,
          null,
          null,
          null,
          null,
          null,
          null,
          null,
          null,
          null,
          null,
          null,
          null,
          null,
          null,
          null,
          null,
          null,
          null
        ]
      },
      "/rails/app/services/report_analyzer/report_formatter.rb": {
        "lines": [
          1,
          1,
          1,
          null,
          5,
          null,
          null,
          null,
          null,
          null,
          null,
          null,
          null
        ]
      },
      "/rails/app/workers/report_worker.rb": {
        "lines": [
          1,
          1,
          null,
          1,
          1,
          1,
          null,
          1,
          12,
          12,
          null,
          12,
          12,
          null,
          12,
          null,
          null,
          null,
          null,
          null,
          null,
          12,
          6,
          null,
          6,
          null,
          null,
          null,
          6,
          4,
          null,
          4,
          null,
          null,
          null,
          null,
          2,
          null,
          null,
          6,
          null,
          3,
          null,
          3,
          null,
          3,
          null,
          3,
          3,
          null,
          3,
          null,
          3,
          null,
          null,
          null,
          null
        ]
      }
    },
    "timestamp": 1779381839
  }
}
