{
  "RSpec": {
    "coverage": {
      "/rails/app/jobs/application_job.rb": {
        "lines": [
          1,
          null,
          null,
          null,
          null,
          null,
          null
        ]
      },
      "/rails/app/models/document.rb": {
        "lines": [
          1,
          1,
          null
        ]
      },
      "/rails/app/models/application_record.rb": {
        "lines": [
          1,
          1,
          null
        ]
      },
      "/rails/app/controllers/documents_controller.rb": {
        "lines": [
          1,
          1,
          5,
          null,
          5,
          3,
          null,
          null,
          3,
          null,
          null,
          null,
          null,
          3,
          null,
          3,
          null,
          2,
          null,
          null,
          null,
          1,
          2,
          null,
          2,
          null,
          2,
          null,
          null,
          null,
          null,
          null,
          null,
          1,
          null,
          1,
          7,
          null,
          null,
          1,
          5,
          null,
          null
        ]
      },
      "/rails/app/controllers/application_controller.rb": {
        "lines": [
          1,
          null
        ]
      },
      "/rails/app/services/rabbit_mq_publisher.rb": {
        "lines": [
          1,
          1,
          null,
          1,
          1,
          7,
          7,
          null,
          5,
          5,
          null,
          5,
          null,
          5,
          null,
          2,
          null,
          null
        ]
      }
    },
    "timestamp": 1779381797
  }
}
